<?xml version="1.0" encoding="UTF-8"?>
<!-- Generated by org.testng.reporters.JUnitXMLReporter -->
<testsuite ignored="2" hostname="DESKTOP-V3BIN3G" failures="0" tests="3" name="Test" time="33.406" errors="0" timestamp="2025-06-22T22:20:52 EDT">
  <testcase classname="test.BasicValidation" name="emailValidation" time="0.215"/>
  <testcase classname="test.BasicValidation" name="passValidation" time="0.055"/>
  <testcase classname="test.BasicValidation" name="welcomeMessage" time="0.066"/>
  <testcase classname="test.BaseTest" name="@BeforeTest setup" time="0.0">
    <ignored/>
  </testcase> <!-- @BeforeTest setup -->
  <testcase classname="test.BaseTest" name="@AfterTest tearDown" time="0.0">
    <ignored/>
  </testcase> <!-- @AfterTest tearDown -->
</testsuite> <!-- Test -->
