<?xml version="1.0" encoding="UTF-8"?>
<!-- Generated by org.testng.reporters.JUnitXMLReporter -->
<testsuite ignored="2" hostname="DESKTOP-V3BIN3G" failures="1" tests="4" name="Test" time="7.512" errors="0" timestamp="2025-06-22T23:16:00 EDT">
  <testcase classname="test.BasicValidation" name="emailValidation" time="0.084"/>
  <testcase classname="test.BasicValidation" name="loginValidation" time="0.041">
    <failure type="java.lang.AssertionError" message="Mismatch in the login expected [true] but found [false]">
      <![CDATA[java.lang.AssertionError: Mismatch in the login expected [true] but found [false]
at test.BasicValidation.loginValidation(BasicValidation.java:52)
at java.base/java.util.ArrayList.forEach(ArrayList.java:1596)
... Removed 28 stack frames]]>
    </failure>
  </testcase> <!-- loginValidation -->
  <testcase classname="test.BasicValidation" name="passValidation" time="0.026"/>
  <testcase classname="test.BasicValidation" name="welcomeMessage" time="0.027"/>
  <testcase classname="test.BaseTest" name="@AfterTest tearDown" time="0.0">
    <ignored/>
  </testcase> <!-- @AfterTest tearDown -->
  <testcase classname="test.BaseTest" name="@BeforeTest setup" time="0.0">
    <ignored/>
  </testcase> <!-- @BeforeTest setup -->
</testsuite> <!-- Test -->
