<?xml version="1.0" encoding="UTF-8"?>
<testng-results ignored="0" total="0" passed="0" failed="0" skipped="0">
  <reporter-output>
  </reporter-output>
  <suite started-at="2025-06-22T22:06:10 EDT" name="Surefire suite" finished-at="2025-06-22T22:06:16 EDT" duration-ms="6334">
    <groups>
    </groups>
    <test started-at="2025-06-22T22:06:10 EDT" name="Surefire test" finished-at="2025-06-22T22:06:16 EDT" duration-ms="6334">
      <class name="test.BaseTest">
        <test-method is-config="true" signature="setup()[pri:0, instance:test.BaseTest@121314f7]" started-at="2025-06-22T22:06:10 EDT" name="setup" finished-at="2025-06-22T22:06:16 EDT" duration-ms="6033" status="PASS">
          <reporter-output>
          </reporter-output>
        </test-method> <!-- setup -->
        <test-method is-config="true" signature="tearDown()[pri:0, instance:test.BaseTest@121314f7]" started-at="2025-06-22T22:06:16 EDT" name="tearDown" finished-at="2025-06-22T22:06:16 EDT" duration-ms="276" status="PASS">
          <reporter-output>
          </reporter-output>
        </test-method> <!-- tearDown -->
      </class> <!-- test.BaseTest -->
    </test> <!-- Surefire test -->
  </suite> <!-- Surefire suite -->
</testng-results>
