<?xml version="1.0" encoding="UTF-8"?>
<testng-results ignored="0" total="3" passed="3" failed="0" skipped="0">
  <reporter-output>
    <line>
      <![CDATA[Expected Result =Email or phone number]]>
    </line>
    <line>
      <![CDATA[Actual Result =Email or phone number]]>
    </line>
    <line>
      <![CDATA[Expected Result =Password]]>
    </line>
    <line>
      <![CDATA[Actual Result =Password]]>
    </line>
    <line>
      <![CDATA[Expected Result =Connect with friends and the world around you on Facebook.]]>
    </line>
    <line>
      <![CDATA[Actual Result =Connect with friends and the world around you on Facebook.]]>
    </line>
  </reporter-output>
  <suite started-at="2025-06-22T22:20:18 EDT" name="Suite" finished-at="2025-06-22T22:20:52 EDT" duration-ms="33406">
    <groups>
    </groups>
    <test started-at="2025-06-22T22:20:18 EDT" name="Test" finished-at="2025-06-22T22:20:52 EDT" duration-ms="33406">
      <class name="test.BasicValidation">
        <test-method signature="emailValidation()[pri:0, instance:test.BasicValidation@1ebea008]" started-at="2025-06-22T22:20:51 EDT" name="emailValidation" finished-at="2025-06-22T22:20:51 EDT" duration-ms="215" status="PASS">
          <reporter-output>
            <line>
              <![CDATA[Expected Result =Email or phone number]]>
            </line>
            <line>
              <![CDATA[Actual Result =Email or phone number]]>
            </line>
          </reporter-output>
        </test-method> <!-- emailValidation -->
        <test-method signature="passValidation()[pri:0, instance:test.BasicValidation@1ebea008]" started-at="2025-06-22T22:20:51 EDT" name="passValidation" finished-at="2025-06-22T22:20:51 EDT" duration-ms="55" status="PASS">
          <reporter-output>
            <line>
              <![CDATA[Expected Result =Password]]>
            </line>
            <line>
              <![CDATA[Actual Result =Password]]>
            </line>
          </reporter-output>
        </test-method> <!-- passValidation -->
        <test-method signature="welcomeMessage()[pri:0, instance:test.BasicValidation@1ebea008]" started-at="2025-06-22T22:20:51 EDT" name="welcomeMessage" finished-at="2025-06-22T22:20:51 EDT" duration-ms="66" status="PASS">
          <reporter-output>
            <line>
              <![CDATA[Expected Result =Connect with friends and the world around you on Facebook.]]>
            </line>
            <line>
              <![CDATA[Actual Result =Connect with friends and the world around you on Facebook.]]>
            </line>
          </reporter-output>
        </test-method> <!-- welcomeMessage -->
      </class> <!-- test.BasicValidation -->
      <class name="test.BaseTest">
        <test-method is-config="true" signature="setup()[pri:0, instance:test.BaseTest@536dbea0]" started-at="2025-06-22T22:20:18 EDT" name="setup" finished-at="2025-06-22T22:20:51 EDT" duration-ms="32303" status="PASS">
          <reporter-output>
          </reporter-output>
        </test-method> <!-- setup -->
        <test-method is-config="true" signature="tearDown()[pri:0, instance:test.BaseTest@536dbea0]" started-at="2025-06-22T22:20:51 EDT" name="tearDown" finished-at="2025-06-22T22:20:52 EDT" duration-ms="453" status="PASS">
          <reporter-output>
          </reporter-output>
        </test-method> <!-- tearDown -->
      </class> <!-- test.BaseTest -->
    </test> <!-- Test -->
  </suite> <!-- Suite -->
</testng-results>
